Build started 09-03-2015 18:17:43.
     1>Project "C:\Users\iostreamer\documents\visual studio 2013\Projects\Avid\Avid\Avid.vcxproj" on node 2 (Build target(s)).
     1>AddCudaCompileDeps:
         F:\Program Files (x86)\Microsoft Visual Studio 12.0\VC\bin\cl.exe /E /nologo /showIncludes /TP /D__CUDACC__ /DWIN32 /D_DEBUG /D_CONSOLE /D_MBCS /I"C:\Program Files\NVIDIA GPU Computing Toolkit\CUDA\v6.5\include" /I"C:\Program Files\NVIDIA GPU Computing Toolkit\CUDA\v6.5\bin" /I"C:\Program Files\NVIDIA GPU Computing Toolkit\CUDA\v6.5\include" /I. /FIcuda_runtime.h /c "C:\Users\iostreamer\documents\visual studio 2013\Projects\Avid\Avid\kernel.cu" 
       CudaBuild:
         Compiling CUDA source file kernel.cu...
         cmd.exe /C "C:\Users\iostreamer\AppData\Local\Temp\tmp40a1af4c546441249d2d1f5fd1a1fe6b.cmd"
         "C:\Program Files\NVIDIA GPU Computing Toolkit\CUDA\v6.5\bin\nvcc.exe" -gencode=arch=compute_20,code=\"sm_20,compute_20\" --use-local-env --cl-version 2013 -ccbin "F:\Program Files (x86)\Microsoft Visual Studio 12.0\VC\bin"  -I"C:\Program Files\NVIDIA GPU Computing Toolkit\CUDA\v6.5\include" -I"C:\Program Files\NVIDIA GPU Computing Toolkit\CUDA\v6.5\include"  -G   --keep-dir Debug -maxrregcount=0  --machine 32 --compile -cudart static  -g   -DWIN32 -D_DEBUG -D_CONSOLE -D_MBCS -Xcompiler "/EHsc /W3 /nologo /Od /Zi /RTC1 /MDd  " -o Debug\kernel.cu.obj "C:\Users\iostreamer\documents\visual studio 2013\Projects\Avid\Avid\kernel.cu"
         
         C:\Users\iostreamer\documents\visual studio 2013\Projects\Avid\Avid>"C:\Program Files\NVIDIA GPU Computing Toolkit\CUDA\v6.5\bin\nvcc.exe" -gencode=arch=compute_20,code=\"sm_20,compute_20\" --use-local-env --cl-version 2013 -ccbin "F:\Program Files (x86)\Microsoft Visual Studio 12.0\VC\bin"  -I"C:\Program Files\NVIDIA GPU Computing Toolkit\CUDA\v6.5\include" -I"C:\Program Files\NVIDIA GPU Computing Toolkit\CUDA\v6.5\include"  -G   --keep-dir Debug -maxrregcount=0  --machine 32 --compile -cudart static  -g   -DWIN32 -D_DEBUG -D_CONSOLE -D_MBCS -Xcompiler "/EHsc /W3 /nologo /Od /Zi /RTC1 /MDd  " -o Debug\kernel.cu.obj "C:\Users\iostreamer\documents\visual studio 2013\Projects\Avid\Avid\kernel.cu" 
     1>C:/Users/iostreamer/documents/visual studio 2013/Projects/Avid/Avid/kernel.cu(147): warning : variable "index" was declared but never referenced
     1>C:/Users/iostreamer/documents/visual studio 2013/Projects/Avid/Avid/kernel.cu(147): warning : variable "index" was declared but never referenced
         kernel.cu
     1>C:/Users/iostreamer/documents/visual studio 2013/Projects/Avid/Avid/kernel.cu(164): warning C4244: 'argument' : conversion from 'double' to 'int', possible loss of data
       Link:
         F:\Program Files (x86)\Microsoft Visual Studio 12.0\VC\bin\link.exe /ERRORREPORT:PROMPT /OUT:"C:\Users\iostreamer\documents\visual studio 2013\Projects\Avid\Debug\Avid.exe" /INCREMENTAL /NOLOGO /LIBPATH:"C:\Program Files\NVIDIA GPU Computing Toolkit\CUDA\v6.5\lib\Win32" cudart.lib kernel32.lib user32.lib gdi32.lib winspool.lib comdlg32.lib advapi32.lib shell32.lib ole32.lib oleaut32.lib uuid.lib odbc32.lib odbccp32.lib kernel32.lib user32.lib gdi32.lib winspool.lib comdlg32.lib advapi32.lib shell32.lib ole32.lib oleaut32.lib uuid.lib odbc32.lib odbccp32.lib /MANIFEST /MANIFESTUAC:"level='asInvoker' uiAccess='false'" /manifest:embed /DEBUG /PDB:"C:\Users\iostreamer\documents\visual studio 2013\Projects\Avid\Debug\Avid.pdb" /SUBSYSTEM:CONSOLE /TLBID:1 /DYNAMICBASE /NXCOMPAT /IMPLIB:"C:\Users\iostreamer\documents\visual studio 2013\Projects\Avid\Debug\Avid.lib" /MACHINE:X86 Debug\kernel.cu.obj
         Avid.vcxproj -> C:\Users\iostreamer\documents\visual studio 2013\Projects\Avid\Debug\Avid.exe
       PostBuildEvent:
         echo copy "C:\Program Files\NVIDIA GPU Computing Toolkit\CUDA\v6.5\bin\cudart*.dll" "C:\Users\iostreamer\documents\visual studio 2013\Projects\Avid\Debug\"
         copy "C:\Program Files\NVIDIA GPU Computing Toolkit\CUDA\v6.5\bin\cudart*.dll" "C:\Users\iostreamer\documents\visual studio 2013\Projects\Avid\Debug\"
         :VCEnd
         copy "C:\Program Files\NVIDIA GPU Computing Toolkit\CUDA\v6.5\bin\cudart*.dll" "C:\Users\iostreamer\documents\visual studio 2013\Projects\Avid\Debug\"
         C:\Program Files\NVIDIA GPU Computing Toolkit\CUDA\v6.5\bin\cudart32_65.dll
         C:\Program Files\NVIDIA GPU Computing Toolkit\CUDA\v6.5\bin\cudart64_65.dll
                 2 file(s) copied.
     1>Done Building Project "C:\Users\iostreamer\documents\visual studio 2013\Projects\Avid\Avid\Avid.vcxproj" (Build target(s)).

Build succeeded.

Time Elapsed 00:00:05.57
